[15:20:17] [ServerMain/INFO]: Environment: authHost='https://authserver.mojang.com', accountsHost='https://api.mojang.com', sessionHost='https://sessionserver.mojang.com', servicesHost='https://api.minecraftservices.com', name='PROD'
[15:20:17] [ServerMain/INFO]: Found new data pack file/bukkit, loading it automatically
[15:20:17] [ServerMain/INFO]: Reloading ResourceManager: Default, bukkit
[15:20:18] [Worker-Main-2/INFO]: Loaded 7 recipes
[15:20:19] [Server thread/INFO]: Starting minecraft server version 1.18
[15:20:19] [Server thread/INFO]: Loading properties
[15:20:19] [Server thread/INFO]: This server is running Paper version git-Paper-11 (MC: 1.18) (Implementing API version 1.18-R0.1-SNAPSHOT) (Git: e955cb5)
[15:20:19] [Server thread/INFO]: Server Ping Player Sample Count: 12
[15:20:19] [Server thread/INFO]: Using 4 threads for Netty based IO
[15:20:19] [Server thread/INFO]: Default game type: SURVIVAL
[15:20:19] [Server thread/INFO]: Generating keypair
[15:20:19] [Server thread/INFO]: Starting Minecraft server on *:25565
[15:20:19] [Server thread/INFO]: Using default channel type
[15:20:19] [Server thread/INFO]: Paper: Using Java 11 compression from Velocity.
[15:20:19] [Server thread/INFO]: Paper: Using Java cipher from Velocity.
[15:20:20] [Server thread/INFO]: [SMPizza] Loading SMPizza v1.0
[15:20:20] [Server thread/INFO]: Preparing level "world"
[15:20:25] [Server thread/INFO]: Preparing start region for dimension minecraft:overworld
[15:20:25] [Worker-Main-4/INFO]: Preparing spawn area: 0%
[15:20:25] [Worker-Main-4/INFO]: Preparing spawn area: 0%
[15:20:25] [Server thread/INFO]: Time elapsed: 599 ms
[15:20:25] [Server thread/INFO]: Preparing start region for dimension minecraft:the_nether
[15:20:26] [Worker-Main-2/INFO]: Preparing spawn area: 0%
[15:20:26] [Worker-Main-1/INFO]: Preparing spawn area: 0%
[15:20:26] [Worker-Main-2/INFO]: Preparing spawn area: 0%
[15:20:26] [Server thread/INFO]: Time elapsed: 1185 ms
[15:20:26] [Server thread/INFO]: Preparing start region for dimension minecraft:the_end
[15:20:27] [Server thread/INFO]: Time elapsed: 554 ms
[15:20:27] [Server thread/INFO]: [SMPizza] Enabling SMPizza v1.0
[15:20:27] [Server thread/INFO]: File "playerdata.yml" Created Successfully!
[15:20:27] [Server thread/INFO]: Running delayed init tasks
[15:20:27] [Server thread/INFO]: Done (8.251s)! For help, type "help"
[15:20:27] [Server thread/INFO]: Timings Reset
[15:20:32] [User Authenticator #1/INFO]: UUID of player Jeeper_ is 49c701c7-d5fc-4fc5-a7d4-d0d6c3765996
[15:20:32] [Server thread/INFO]: Jeeper_ joined the game
[15:20:33] [Server thread/INFO]: Jeeper_[/127.0.0.1:49301] logged in with entity id 81 at ([world]68.5, 76.0, -22.5)
[15:20:41] [Server thread/INFO]: Jeeper_ issued server command: /nickname
[15:20:47] [Async Chat Thread - #0/INFO]: Jeeper_: a
[15:20:48] [Server thread/INFO]: Jeeper_ issued server command: /cc <green>
[15:20:48] [Server thread/INFO]: [SMPizza] [STDOUT] player
[15:20:48] [Server thread/WARN]: Nag author(s): '[Jeeper_]' of 'SMPizza' about their usage of System.out/err.print. Please use your plugin's logger instead (JavaPlugin#getLogger).
[15:20:48] [Server thread/INFO]: [SMPizza] [STDOUT] args > 0
[15:20:48] [Server thread/INFO]: [SMPizza] [STDOUT] is a code
[15:20:49] [Async Chat Thread - #0/INFO]: Jeeper_: t
